<?xml version="1.0" encoding="UTF-8"?>
<!-- Generated by org.testng.reporters.JUnitReportReporter -->
<testsuite hostname="DESKTOP-45D2DID" failures="0" tests="4" name="DataDrivenTesting.normalDDT" time="73.785" errors="0" timestamp="2022-12-13T16:06:57 IST" skipped="0">
  <testcase classname="DataDrivenTesting.normalDDT" name="loginTest" time="1.778"/>
  <system-out/>
  <testcase classname="DataDrivenTesting.normalDDT" name="loginTest" time="2.060"/>
  <system-out/>
  <testcase classname="DataDrivenTesting.normalDDT" name="loginTest" time="67.595"/>
  <system-out/>
  <testcase classname="DataDrivenTesting.normalDDT" name="loginTest" time="2.352"/>
  <system-out/>
</testsuite> <!-- DataDrivenTesting.normalDDT -->
