<?xml version="1.0" encoding="UTF-8"?>
<!-- Generated by org.testng.reporters.JUnitReportReporter -->
<testsuite hostname="DESKTOP-45D2DID" failures="0" tests="1" name="first.trial" time="36.148" errors="0" timestamp="2022-07-08T12:45:14 IST" skipped="0">
  <testcase classname="first.trial" name="lunchApp" time="36.148"/>
  <system-out/>
</testsuite> <!-- first.trial -->
