<?xml version="1.0" encoding="UTF-8"?>
<!-- Generated by org.testng.reporters.JUnitReportReporter -->
<testsuite hostname="DESKTOP-45D2DID" failures="0" tests="2" name="Annotaion.Try" time="0.018" errors="0" timestamp="2022-12-13T11:49:09 IST" skipped="0">
  <testcase classname="Annotaion.Try" name="test" time="0.012"/>
  <system-out/>
  <testcase classname="Annotaion.Try" name="test2" time="0.006"/>
  <system-out/>
</testsuite> <!-- Annotaion.Try -->
