<?xml version="1.0" encoding="UTF-8"?>
<!-- Generated by org.testng.reporters.JUnitReportReporter -->
<testsuite hostname="DESKTOP-45D2DID" failures="0" tests="1" name="paraller.parallerEx2" time="64.929" errors="0" timestamp="2022-07-14T15:41:50 IST" skipped="0">
  <testcase classname="paraller.parallerEx2" name="login" time="64.929"/>
  <system-out/>
</testsuite> <!-- paraller.parallerEx2 -->
