<?xml version="1.0" encoding="UTF-8"?>
<!-- Generated by org.testng.reporters.JUnitReportReporter -->
<testsuite hostname="DESKTOP-45D2DID" failures="0" tests="5" name="invocationCount.invocationDemo" time="0.027" errors="0" timestamp="2022-11-19T19:46:46 IST" skipped="0">
  <testcase classname="invocationCount.invocationDemo" name="testMethod2" time="0.004"/>
  <system-out/>
  <testcase classname="invocationCount.invocationDemo" name="testMethod2" time="0.003"/>
  <system-out/>
  <testcase classname="invocationCount.invocationDemo" name="testMethod1" time="0.015"/>
  <system-out/>
  <testcase classname="invocationCount.invocationDemo" name="testMethod1" time="0.003"/>
  <system-out/>
  <testcase classname="invocationCount.invocationDemo" name="testMethod1" time="0.002"/>
  <system-out/>
</testsuite> <!-- invocationCount.invocationDemo -->
