<?xml version="1.0" encoding="UTF-8"?>
<!-- Generated by org.testng.reporters.JUnitReportReporter -->
<testsuite hostname="DESKTOP-45D2DID" failures="0" tests="3" name="dataProvider.DataProEx1" time="0.046" errors="0" timestamp="2022-07-12T17:40:34 IST" skipped="0">
  <testcase classname="dataProvider.DataProEx1" name="loginTest" time="0.004"/>
  <system-out/>
  <testcase classname="dataProvider.DataProEx1" name="loginTest" time="0.016"/>
  <system-out/>
  <testcase classname="dataProvider.DataProEx1" name="loginTest" time="0.026"/>
  <system-out/>
</testsuite> <!-- dataProvider.DataProEx1 -->
