<?xml version="1.0" encoding="UTF-8"?>
<!-- Generated by org.testng.reporters.JUnitReportReporter -->
<testsuite hostname="DESKTOP-45D2DID" failures="0" tests="2" name="Annotaion.tc1" time="0.039" errors="0" timestamp="2022-12-13T11:52:14 IST" skipped="0">
  <testcase classname="Annotaion.tc1" name="test2" time="0.011"/>
  <system-out/>
  <testcase classname="Annotaion.tc1" name="test1" time="0.028"/>
  <system-out/>
</testsuite> <!-- Annotaion.tc1 -->
