<?xml version="1.0" encoding="UTF-8"?>
<!-- Generated by org.testng.reporters.JUnitReportReporter -->
<testsuite hostname="DESKTOP-45D2DID" failures="0" tests="5" name="invocationCount.invocationWith_Itest2" time="0.024" errors="0" timestamp="2022-07-19T11:02:51 IST" skipped="0">
  <testcase classname="invocationCount.invocationWith_Itest2" name="testMethod2" time="0.002"/>
  <system-out/>
  <testcase classname="invocationCount.invocationWith_Itest2" name="testMethod1" time="0.003"/>
  <system-out/>
  <testcase classname="invocationCount.invocationWith_Itest2" name="testMethod1" time="0.002"/>
  <system-out/>
  <testcase classname="invocationCount.invocationWith_Itest2" name="testMethod1" time="0.015"/>
  <system-out/>
  <testcase classname="invocationCount.invocationWith_Itest2" name="testMethod2" time="0.002"/>
  <system-out/>
</testsuite> <!-- invocationCount.invocationWith_Itest2 -->
