<?xml version="1.0" encoding="UTF-8"?>
<!-- Generated by org.testng.reporters.JUnitReportReporter -->
<testsuite hostname="DESKTOP-45D2DID" failures="0" tests="2" name="Annotaion.TC2" time="0.020" errors="0" timestamp="2022-12-13T11:52:14 IST" skipped="0">
  <testcase classname="Annotaion.TC2" name="test3" time="0.015"/>
  <system-out/>
  <testcase classname="Annotaion.TC2" name="test4" time="0.005"/>
  <system-out/>
</testsuite> <!-- Annotaion.TC2 -->
