<?xml version="1.0" encoding="UTF-8"?>
<!-- Generated by org.testng.reporters.JUnitReportReporter -->
<testsuite hostname="DESKTOP-45D2DID" failures="0" tests="2" name="parameters.para_ex1" time="0.396" errors="0" timestamp="2022-07-12T13:26:43 IST" skipped="0">
  <testcase classname="parameters.para_ex1" name="logoTest" time="0.390"/>
  <system-out/>
  <testcase classname="parameters.para_ex1" name="homeTitlepage" time="0.006"/>
  <system-out/>
</testsuite> <!-- parameters.para_ex1 -->
