<?xml version="1.0" encoding="UTF-8"?>
<!-- Generated by org.testng.reporters.JUnitReportReporter -->
<testsuite hostname="DESKTOP-45D2DID" failures="0" tests="1" name="first.myntraSelenium" time="26.199" errors="0" timestamp="2022-07-07T20:59:05 IST" skipped="0">
  <testcase classname="first.myntraSelenium" name="myntra" time="26.199"/>
  <system-out/>
</testsuite> <!-- first.myntraSelenium -->
