<?xml version="1.0" encoding="UTF-8"?>
<!-- Generated by org.testng.reporters.JUnitReportReporter -->
<testsuite hostname="DESKTOP-45D2DID" failures="0" tests="1" name="testNgreports.googlesearchReports" time="25.788" errors="0" timestamp="2022-07-25T17:48:57 IST" skipped="0">
  <testcase classname="testNgreports.googlesearchReports" name="gSearch" time="25.788"/>
  <system-out>
    <![CDATA[Chrome browser opened....
Google web site launch....
In Google Search box type india gate and press enterKey ....
Driver close....]]>
  </system-out>
</testsuite> <!-- testNgreports.googlesearchReports -->
