<?xml version="1.0" encoding="UTF-8"?>
<!-- Generated by org.testng.reporters.JUnitReportReporter -->
<testsuite hostname="DESKTOP-45D2DID" failures="0" tests="1" name="first.HardAssertion" time="26.336" errors="0" timestamp="2022-07-08T19:22:26 IST" skipped="0">
  <testcase classname="first.HardAssertion" name="lunchApp" time="26.336"/>
  <system-out/>
</testsuite> <!-- first.HardAssertion -->
