<?xml version="1.0" encoding="UTF-8"?>
<!-- Generated by org.testng.reporters.JUnitReportReporter -->
<testsuite hostname="DESKTOP-45D2DID" failures="0" tests="2" name="Grouping.Grpex1" time="0.020" errors="0" timestamp="2022-11-19T19:43:15 IST" skipped="0">
  <testcase classname="Grouping.Grpex1" name="test2" time="0.017"/>
  <system-out/>
  <testcase classname="Grouping.Grpex1" name="test4" time="0.003"/>
  <system-out/>
</testsuite> <!-- Grouping.Grpex1 -->
