<?xml version="1.0" encoding="UTF-8"?>
<!-- Generated by org.testng.reporters.JUnitReportReporter -->
<testsuite hostname="DESKTOP-45D2DID" failures="0" tests="3" name="dataProvider.dataEx2" time="0.010" errors="0" timestamp="2022-08-06T19:39:35 IST" skipped="0">
  <testcase classname="dataProvider.dataEx2" name="loginTest" time="0.007"/>
  <system-out/>
  <testcase classname="dataProvider.dataEx2" name="loginTest" time="0.002"/>
  <system-out/>
  <testcase classname="dataProvider.dataEx2" name="loginTest" time="0.001"/>
  <system-out/>
</testsuite> <!-- dataProvider.dataEx2 -->
