<?xml version="1.0" encoding="UTF-8"?>
<!-- Generated by org.testng.reporters.JUnitReportReporter -->
<testsuite hostname="DESKTOP-45D2DID" failures="0" tests="4" name="PriorityAndEnabled.ex1" time="0.028" errors="0" timestamp="2022-07-11T17:19:22 IST" skipped="1">
  <testcase classname="PriorityAndEnabled.ex1" name="TestD" time="0.020"/>
  <system-out/>
  <testcase classname="PriorityAndEnabled.ex1" name="TestC" time="0.004"/>
  <system-out/>
  <testcase classname="PriorityAndEnabled.ex1" name="TestA" time="0.004"/>
  <system-out/>
  <testcase classname="PriorityAndEnabled.ex1" name="TestB">
    <skipped/>
  </testcase> <!-- TestB -->
  <system-out/>
</testsuite> <!-- PriorityAndEnabled.ex1 -->
