<?xml version="1.0" encoding="UTF-8"?>
<!-- Generated by org.testng.reporters.JUnitReportReporter -->
<testsuite hostname="DESKTOP-45D2DID" failures="0" tests="3" name="testNgreports.testngreportsEx" time="0.017" errors="0" timestamp="2022-07-25T17:07:27 IST" skipped="0">
  <testcase classname="testNgreports.testngreportsEx" name="testMethod3" time="0.002"/>
  <system-out/>
  <testcase classname="testNgreports.testngreportsEx" name="testMethod1" time="0.013"/>
  <system-out/>
  <testcase classname="testNgreports.testngreportsEx" name="testMethod2" time="0.002"/>
  <system-out/>
</testsuite> <!-- testNgreports.testngreportsEx -->
