<?xml version="1.0" encoding="UTF-8"?>
<!-- Generated by org.testng.reporters.JUnitReportReporter -->
<testsuite hostname="DESKTOP-45D2DID" failures="0" tests="2" name="paraller.parallerEx1" time="0.800" errors="0" timestamp="2022-07-14T15:41:50 IST" skipped="0">
  <testcase classname="paraller.parallerEx1" name="homePageTitle" time="0.070"/>
  <system-out/>
  <testcase classname="paraller.parallerEx1" name="logoTest" time="0.730"/>
  <system-out/>
</testsuite> <!-- paraller.parallerEx1 -->
